This file contains any messages produced by compilers while
running configure, to aid debugging if configure makes a mistake.

configure:557: checking for Cygwin environment
configure:590: checking for mingw32 environment
configure:667: checking host system type
configure:688: checking target system type
configure:706: checking build system type
configure:731: checking for gcc
configure:844: checking whether the C compiler (gcc -g -O2 ) works
configure:860: gcc -o conftest -g -O2   conftest.c  1>&5
configure:857:1: warning: return type defaults to 'int' [-Wimplicit-int]
  857 | main(){return(0);}
      | ^~~~
configure:886: checking whether the C compiler (gcc -g -O2 ) is a cross-compiler
configure:891: checking whether we are using GNU C
configure:919: checking whether gcc accepts -g
configure:951: checking for POSIXized ISC
configure:985: checking for a BSD compatible install
configure:1038: checking whether build environment is sane
configure:1095: checking whether make sets ${MAKE}
configure:1141: checking for working aclocal
configure:1154: checking for working autoconf
configure:1167: checking for working automake
configure:1180: checking for working autoheader
configure:1193: checking for working makeinfo
configure:1288: checking for ld used by GCC
configure:1356: checking if the linker (/usr/local/bin/ld) is GNU ld
configure:1373: checking for /usr/local/bin/ld option to reload object files
configure:1385: checking for BSD-compatible nm
configure:1423: checking whether ln -s works
configure:1444: checking how to recognise dependant libraries
configure:1587: checking for object suffix
configure:1613: checking for executable suffix
configure:1656: checking for file
configure:1789: checking for ranlib
configure:1856: checking for strip
ltconfig:675:checking for gcc option to produce PIC
ltconfig:684:checking that gcc PIC flag  -fPIC -DPIC works.
ltconfig:746: checking if gcc static flag -static works
ltconfig:792: checking if gcc supports -c -o file.o
ltconfig:793: gcc -c -g -O2 -o out/conftest2.o  conftest.c 1>&5
ltconfig:846: checking if gcc supports -fno-rtti -fno-exceptions
ltconfig:847: gcc -c -g -O2 -fno-rtti -fno-exceptions -c conftest.c  conftest.c 1>&5
ltconfig:1309: checking if global_symbol_pipe works
ltconfig:1310: gcc -c -g -O2  conftest.c 1>&5
conftest.c:9:1: warning: return type defaults to 'int' [-Wimplicit-int]
    9 | main(){nm_test_var='a';nm_test_func();return(0);}
      | ^~~~
ltconfig:1313: eval "/usr/local/bin/nm -B conftest.o | sed -n -e 's/^.*[ 	]\([ABCDGISTW]\)[ 	][ 	]*\(\)\([_A-Za-z][_A-Za-z0-9]*\)$/  /p' > conftest.nm"
ltconfig:1365: gcc -o conftest -g -O2 -fno-builtin   conftest.c conftstm.o 1>&5
configure:2121: checking for gcc
configure:2234: checking whether the C compiler (gcc -g -O2 ) works
configure:2250: gcc -o conftest -g -O2   conftest.c  1>&5
configure:2247:1: warning: return type defaults to 'int' [-Wimplicit-int]
 2247 | main(){return(0);}
      | ^~~~
configure:2276: checking whether the C compiler (gcc -g -O2 ) is a cross-compiler
configure:2281: checking whether we are using GNU C
configure:2309: checking whether gcc accepts -g
configure:2352: checking for a BSD compatible install
configure:2408: checking for setmode
configure:2463: checking how to run the C preprocessor
configure:2545: checking for ranlib
configure:2573: checking for ANSI C header files
configure:2677: checking for working const
configure:2752: checking for inline
configure:2792: checking for off_t
configure:2825: checking for size_t
configure:2860: checking for working alloca.h
configure:2893: checking for alloca
configure:3095: checking for unistd.h
configure:3134: checking for getpagesize
configure:3187: checking for working mmap
configure:3363: checking for argz.h
configure:3363: checking for limits.h
configure:3363: checking for locale.h
configure:3363: checking for nl_types.h
configure:3363: checking for malloc.h
configure:3363: checking for string.h
configure:3363: checking for unistd.h
configure:3363: checking for values.h
configure:3363: checking for sys/param.h
configure:3403: checking for getcwd
configure:3403: checking for munmap
configure:3403: checking for putenv
configure:3403: checking for setenv
configure:3403: checking for setlocale
configure:3403: checking for strchr
configure:3403: checking for strcasecmp
configure:3403: checking for __argz_count
configure:3403: checking for __argz_stringify
configure:3403: checking for __argz_next
configure:3522: checking for LC_MESSAGES
configure:3555: checking whether NLS is requested
configure:3575: checking whether included gettext is requested
configure:3594: checking for libintl.h
configure:3621: checking for gettext in libc
configure:3724: checking for msgfmt
configure:3921: checking for msgfmt
configure:3955: checking for gmsgfmt
configure:3991: checking for xgettext
configure:4182: checking whether to enable maintainer-specific portions of Makefiles
configure:4207: checking for executable suffix
configure:4242: checking for sys/gmon_out.h
configure:4280: checking the size of gmon pointers
configure:4308: gcc -o conftest -g -O2   conftest.c  1>&5
configure:4291:1: warning: return type defaults to 'int' [-Wimplicit-int]
 4291 | main()
      | ^~~~
configure: In function 'main':
configure:4297:14: warning: format '%d' expects argument of type 'int', but argument 3 has type 'long unsigned int' [-Wformat=]
 4297 |   fprintf(f, "%d\n", sizeof(arc.from_pc));
      |              ^~~~~~  ~~~~~~~~~~~~~~~~~~~
      |                      |
      |                      long unsigned int
