This file contains any messages produced by compilers while
running configure, to aid debugging if configure makes a mistake.

configure:563: checking for Cygwin environment
configure:596: checking for mingw32 environment
configure:673: checking host system type
configure:694: checking target system type
configure:712: checking build system type
configure:737: checking for gcc
configure:850: checking whether the C compiler (gcc -g -O2 -Wl,--allow-multiple-definition) works
configure:866: gcc -o conftest -g -O2  -Wl,--allow-multiple-definition conftest.c  1>&5
configure:863:1: warning: return type defaults to 'int' [-Wimplicit-int]
  863 | main(){return(0);}
      | ^~~~
configure:892: checking whether the C compiler (gcc -g -O2 -Wl,--allow-multiple-definition) is a cross-compiler
configure:897: checking whether we are using GNU C
configure:925: checking whether gcc accepts -g
configure:957: checking for POSIXized ISC
configure:991: checking for a BSD compatible install
configure:1044: checking whether build environment is sane
configure:1101: checking whether make sets ${MAKE}
configure:1147: checking for working aclocal
configure:1160: checking for working autoconf
configure:1173: checking for working automake
configure:1186: checking for working autoheader
configure:1199: checking for working makeinfo
configure:1294: checking for ld used by GCC
configure:1362: checking if the linker (/usr/local/bin/ld) is GNU ld
configure:1379: checking for /usr/local/bin/ld option to reload object files
configure:1391: checking for BSD-compatible nm
configure:1429: checking whether ln -s works
configure:1450: checking how to recognise dependant libraries
configure:1593: checking for object suffix
configure:1619: checking for executable suffix
configure:1662: checking for file
configure:1795: checking for ranlib
configure:1862: checking for strip
ltconfig:675:checking for gcc option to produce PIC
ltconfig:684:checking that gcc PIC flag  -fPIC -DPIC works.
ltconfig:746: checking if gcc static flag -static works
ltconfig:792: checking if gcc supports -c -o file.o
ltconfig:793: gcc -c -g -O2 -o out/conftest2.o  conftest.c 1>&5
ltconfig:846: checking if gcc supports -fno-rtti -fno-exceptions
ltconfig:847: gcc -c -g -O2 -fno-rtti -fno-exceptions -c conftest.c  conftest.c 1>&5
ltconfig:1309: checking if global_symbol_pipe works
ltconfig:1310: gcc -c -g -O2  conftest.c 1>&5
conftest.c:9:1: warning: return type defaults to 'int' [-Wimplicit-int]
    9 | main(){nm_test_var='a';nm_test_func();return(0);}
      | ^~~~
ltconfig:1313: eval "/usr/local/bin/nm -B conftest.o | sed -n -e 's/^.*[ 	]\([ABCDGISTW]\)[ 	][ 	]*\(\)\([_A-Za-z][_A-Za-z0-9]*\)$/  /p' > conftest.nm"
ltconfig:1365: gcc -o conftest -g -O2 -fno-builtin  -Wl,--allow-multiple-definition conftest.c conftstm.o 1>&5
configure:3074: checking for gcc
configure:3187: checking whether the C compiler (gcc -g -O2 -Wl,--allow-multiple-definition) works
configure:3203: gcc -o conftest -g -O2  -Wl,--allow-multiple-definition conftest.c  1>&5
configure:3200:1: warning: return type defaults to 'int' [-Wimplicit-int]
 3200 | 
      | ^   
configure:3229: checking whether the C compiler (gcc -g -O2 -Wl,--allow-multiple-definition) is a cross-compiler
configure:3234: checking whether we are using GNU C
configure:3262: checking whether gcc accepts -g
configure:3299: checking for bison
configure:3330: checking how to run the C preprocessor
configure:3415: checking for flex
configure:3448: checking for flex
configure:3482: checking for yywrap in -lfl
configure:3524: checking lex output file root
configure:3545: checking whether yytext is a pointer
configure:3590: checking for ranlib
configure:3618: checking for ANSI C header files
configure:3722: checking for working const
configure:3797: checking for inline
configure:3837: checking for off_t
configure:3870: checking for size_t
configure:3905: checking for working alloca.h
configure:3938: checking for alloca
configure:4140: checking for unistd.h
configure:4179: checking for getpagesize
configure:4232: checking for working mmap
configure:4408: checking for argz.h
configure:4408: checking for limits.h
configure:4408: checking for locale.h
configure:4408: checking for nl_types.h
configure:4408: checking for malloc.h
configure:4408: checking for string.h
configure:4408: checking for unistd.h
configure:4408: checking for values.h
configure:4408: checking for sys/param.h
configure:4448: checking for getcwd
configure:4448: checking for munmap
configure:4448: checking for putenv
configure:4448: checking for setenv
configure:4448: checking for setlocale
configure:4448: checking for strchr
configure:4448: checking for strcasecmp
configure:4448: checking for __argz_count
configure:4448: checking for __argz_stringify
configure:4448: checking for __argz_next
configure:4567: checking for LC_MESSAGES
configure:4600: checking whether NLS is requested
configure:4620: checking whether included gettext is requested
configure:4639: checking for libintl.h
configure:4666: checking for gettext in libc
configure:4769: checking for msgfmt
configure:4966: checking for msgfmt
configure:5000: checking for gmsgfmt
configure:5036: checking for xgettext
configure:5227: checking whether to enable maintainer-specific portions of Makefiles
configure:5252: checking for executable suffix
configure:5287: checking for string.h
configure:5287: checking for stdlib.h
configure:5287: checking for memory.h
configure:5287: checking for strings.h
configure:5287: checking for unistd.h
configure:5287: checking for stdarg.h
configure:5287: checking for varargs.h
configure:5287: checking for errno.h
configure:5287: checking for sys/types.h
configure:5327: checking whether compiling a cross-assembler
configure:5342: checking for working alloca.h
configure:5375: checking for alloca
configure:5574: checking for inline
configure:5618: checking for unlink
configure:5675: checking for sbrk
configure:5862: checking for working assert macro
configure:5924: checking whether declaration is required for strstr
configure:5961: checking whether declaration is required for malloc
configure:5998: checking whether declaration is required for free
configure:6035: checking whether declaration is required for sbrk
configure:6072: checking whether declaration is required for environ
configure:6112: checking whether declaration is required for errno
