This file contains any messages produced by compilers while
running configure, to aid debugging if configure makes a mistake.

configure:565: checking for Cygwin environment
configure:598: checking for mingw32 environment
configure:675: checking host system type
configure:696: checking target system type
configure:714: checking build system type
configure:739: checking for gcc
configure:852: checking whether the C compiler (gcc -g -O2 -Wl,--allow-multiple-definition) works
configure:868: gcc -o conftest -g -O2  -Wl,--allow-multiple-definition conftest.c  1>&5
configure:865:1: warning: return type defaults to 'int' [-Wimplicit-int]
  865 | main(){return(0);}
      | ^~~~
configure:894: checking whether the C compiler (gcc -g -O2 -Wl,--allow-multiple-definition) is a cross-compiler
configure:899: checking whether we are using GNU C
configure:927: checking whether gcc accepts -g
configure:959: checking for POSIXized ISC
configure:992: checking for a BSD compatible install
configure:1045: checking whether build environment is sane
configure:1102: checking whether make sets ${MAKE}
configure:1148: checking for working aclocal
configure:1161: checking for working autoconf
configure:1174: checking for working automake
configure:1187: checking for working autoheader
configure:1200: checking for working makeinfo
configure:1223: checking for ar
configure:1255: checking for ranlib
configure:1402: checking for ld used by GCC
configure:1470: checking if the linker (/usr/local/bin/ld) is GNU ld
configure:1487: checking for /usr/local/bin/ld option to reload object files
configure:1499: checking for BSD-compatible nm
configure:1537: checking whether ln -s works
configure:1558: checking how to recognise dependant libraries
configure:1701: checking for object suffix
configure:1727: checking for executable suffix
configure:1764: checking for file
configure:1897: checking for ranlib
configure:1964: checking for strip
ltconfig:675:checking for gcc option to produce PIC
ltconfig:684:checking that gcc PIC flag  -fPIC -DPIC works.
ltconfig:746: checking if gcc static flag -static works
ltconfig:792: checking if gcc supports -c -o file.o
ltconfig:793: gcc -c -g -O2 -o out/conftest2.o  conftest.c 1>&5
ltconfig:846: checking if gcc supports -fno-rtti -fno-exceptions
ltconfig:847: gcc -c -g -O2 -fno-rtti -fno-exceptions -c conftest.c  conftest.c 1>&5
ltconfig:1309: checking if global_symbol_pipe works
ltconfig:1310: gcc -c -g -O2  conftest.c 1>&5
conftest.c:9:1: warning: return type defaults to 'int' [-Wimplicit-int]
    9 | main(){nm_test_var='a';nm_test_func();return(0);}
      | ^~~~
ltconfig:1313: eval "/usr/local/bin/nm -B conftest.o | sed -n -e 's/^.*[ 	]\([ABCDGISTW]\)[ 	][ 	]*\(\)\([_A-Za-z][_A-Za-z0-9]*\)$/  /p' > conftest.nm"
ltconfig:1365: gcc -o conftest -g -O2 -fno-builtin  -Wl,--allow-multiple-definition conftest.c conftstm.o 1>&5
configure:2315: checking whether to enable maintainer-specific portions of Makefiles
configure:2340: checking for executable suffix
configure:2379: checking for gcc
configure:2492: checking whether the C compiler (gcc -g -O2 -Wl,--allow-multiple-definition) works
configure:2508: gcc -o conftest -g -O2  -Wl,--allow-multiple-definition conftest.c  1>&5
configure:2505:1: warning: return type defaults to 'int' [-Wimplicit-int]
 2505 | main(){return(0);}
      | ^~~~
configure:2534: checking whether the C compiler (gcc -g -O2 -Wl,--allow-multiple-definition) is a cross-compiler
configure:2539: checking whether we are using GNU C
configure:2567: checking whether gcc accepts -g
configure:2601: checking how to run the C preprocessor
configure:2683: checking for ranlib
configure:2711: checking for ANSI C header files
configure:2815: checking for working const
configure:2890: checking for inline
configure:2930: checking for off_t
configure:2963: checking for size_t
configure:2998: checking for working alloca.h
configure:3031: checking for alloca
configure:3233: checking for unistd.h
configure:3272: checking for getpagesize
configure:3325: checking for working mmap
configure:3501: checking for argz.h
configure:3501: checking for limits.h
configure:3501: checking for locale.h
configure:3501: checking for nl_types.h
configure:3501: checking for malloc.h
configure:3501: checking for string.h
configure:3501: checking for unistd.h
configure:3501: checking for values.h
configure:3501: checking for sys/param.h
configure:3541: checking for getcwd
configure:3541: checking for munmap
configure:3541: checking for putenv
configure:3541: checking for setenv
configure:3541: checking for setlocale
configure:3541: checking for strchr
configure:3541: checking for strcasecmp
configure:3541: checking for __argz_count
configure:3541: checking for __argz_stringify
configure:3541: checking for __argz_next
configure:3660: checking for LC_MESSAGES
configure:3693: checking whether NLS is requested
configure:3713: checking whether included gettext is requested
configure:3732: checking for libintl.h
configure:3759: checking for gettext in libc
configure:3862: checking for msgfmt
configure:4059: checking for msgfmt
configure:4093: checking for gmsgfmt
configure:4129: checking for xgettext
configure:4335: checking for a BSD compatible install
configure:4446: checking for stddef.h
configure:4446: checking for string.h
configure:4446: checking for strings.h
configure:4446: checking for stdlib.h
configure:4446: checking for time.h
configure:4446: checking for unistd.h
configure:4486: checking for fcntl.h
configure:4486: checking for sys/file.h
configure:4486: checking for sys/time.h
configure:4523: checking whether time.h and sys/time.h may both be included
configure:4562: checking for dirent.h that defines DIR
configure:4600: checking for opendir in -ldir
configure:4685: checking for fcntl
configure:4685: checking for getpagesize
configure:4685: checking for setitimer
configure:4685: checking for sysconf
configure:4685: checking for fdopen
configure:4685: checking for getuid
configure:4685: checking for getgid
configure:4748: checking whether strstr must be declared
configure:4795: checking whether malloc must be declared
configure:4842: checking whether realloc must be declared
configure:4889: checking whether free must be declared
configure:4936: checking whether getenv must be declared
configure:6171: checking for unistd.h
configure:6210: checking for getpagesize
configure:6263: checking for working mmap
configure:6436: checking for madvise
configure:6436: checking for mprotect
