This file contains any messages produced by compilers while
running configure, to aid debugging if configure makes a mistake.

configure:563: checking for Cygwin environment
configure:596: checking for mingw32 environment
configure:673: checking host system type
configure:694: checking target system type
configure:712: checking build system type
configure:737: checking for gcc
configure:850: checking whether the C compiler (gcc -g -O2 -Wl,--allow-multiple-definition) works
configure:866: gcc -o conftest -g -O2  -Wl,--allow-multiple-definition conftest.c  1>&5
configure:863:1: warning: return type defaults to 'int' [-Wimplicit-int]
  863 | main(){return(0);}
      | ^~~~
configure:892: checking whether the C compiler (gcc -g -O2 -Wl,--allow-multiple-definition) is a cross-compiler
configure:897: checking whether we are using GNU C
configure:925: checking whether gcc accepts -g
configure:957: checking for POSIXized ISC
configure:995: checking for a BSD compatible install
configure:1048: checking whether build environment is sane
configure:1105: checking whether make sets ${MAKE}
configure:1151: checking for working aclocal
configure:1164: checking for working autoconf
configure:1177: checking for working automake
configure:1190: checking for working autoheader
configure:1203: checking for working makeinfo
configure:1226: checking for ar
configure:1258: checking for ranlib
configure:1405: checking for ld used by GCC
configure:1473: checking if the linker (/usr/local/bin/ld) is GNU ld
configure:1490: checking for /usr/local/bin/ld option to reload object files
configure:1502: checking for BSD-compatible nm
configure:1540: checking whether ln -s works
configure:1561: checking how to recognise dependant libraries
configure:1704: checking for object suffix
configure:1730: checking for executable suffix
configure:1767: checking for file
configure:1900: checking for ranlib
configure:1967: checking for strip
ltconfig:675:checking for gcc option to produce PIC
ltconfig:684:checking that gcc PIC flag  -fPIC -DPIC works.
ltconfig:746: checking if gcc static flag -static works
ltconfig:792: checking if gcc supports -c -o file.o
ltconfig:793: gcc -c -g -O2 -o out/conftest2.o  conftest.c 1>&5
ltconfig:846: checking if gcc supports -fno-rtti -fno-exceptions
ltconfig:847: gcc -c -g -O2 -fno-rtti -fno-exceptions -c conftest.c  conftest.c 1>&5
ltconfig:1309: checking if global_symbol_pipe works
ltconfig:1310: gcc -c -g -O2  conftest.c 1>&5
conftest.c:9:1: warning: return type defaults to 'int' [-Wimplicit-int]
    9 | main(){nm_test_var='a';nm_test_func();return(0);}
      | ^~~~
ltconfig:1313: eval "/usr/local/bin/nm -B conftest.o | sed -n -e 's/^.*[ 	]\([ABCDGISTW]\)[ 	][ 	]*\(\)\([_A-Za-z][_A-Za-z0-9]*\)$/  /p' > conftest.nm"
ltconfig:1365: gcc -o conftest -g -O2 -fno-builtin  -Wl,--allow-multiple-definition conftest.c conftstm.o 1>&5
configure:2296: checking whether to enable maintainer-specific portions of Makefiles
configure:2321: checking for executable suffix
configure:2357: checking for gcc
configure:2470: checking whether the C compiler (gcc -g -O2 -Wl,--allow-multiple-definition) works
configure:2486: gcc -o conftest -g -O2  -Wl,--allow-multiple-definition conftest.c  1>&5
configure:2483:1: warning: return type defaults to 'int' [-Wimplicit-int]
 2483 | main(){return(0);}
      | ^~~~
configure:2512: checking whether the C compiler (gcc -g -O2 -Wl,--allow-multiple-definition) is a cross-compiler
configure:2517: checking whether we are using GNU C
configure:2545: checking whether gcc accepts -g
configure:2579: checking how to run the C preprocessor
configure:2661: checking for ranlib
configure:2689: checking for ANSI C header files
configure:2793: checking for working const
configure:2868: checking for inline
configure:2908: checking for off_t
configure:2941: checking for size_t
configure:2976: checking for working alloca.h
configure:3009: checking for alloca
configure:3211: checking for unistd.h
configure:3250: checking for getpagesize
configure:3303: checking for working mmap
configure:3479: checking for argz.h
configure:3479: checking for limits.h
configure:3479: checking for locale.h
configure:3479: checking for nl_types.h
configure:3479: checking for malloc.h
configure:3479: checking for string.h
configure:3479: checking for unistd.h
configure:3479: checking for values.h
configure:3479: checking for sys/param.h
configure:3519: checking for getcwd
configure:3519: checking for munmap
configure:3519: checking for putenv
configure:3519: checking for setenv
configure:3519: checking for setlocale
configure:3519: checking for strchr
configure:3519: checking for strcasecmp
configure:3519: checking for __argz_count
configure:3519: checking for __argz_stringify
configure:3519: checking for __argz_next
configure:3638: checking for LC_MESSAGES
configure:3671: checking whether NLS is requested
configure:3691: checking whether included gettext is requested
configure:3710: checking for libintl.h
configure:3737: checking for gettext in libc
configure:3840: checking for msgfmt
configure:4037: checking for msgfmt
configure:4071: checking for gmsgfmt
configure:4107: checking for xgettext
configure:4312: checking for a BSD compatible install
configure:4369: checking for string.h
configure:4369: checking for strings.h
configure:4369: checking for stdlib.h
